<?xml version="1.0" encoding="UTF-8"?>
<!-- Generated by org.testng.reporters.JUnitXMLReporter -->
<testsuite ignored="0" hostname="DESKTOP-U6G99M3" failures="1" tests="5" name="Test" time="62.841" errors="0" timestamp="2024-06-16T13:48:23 IST">
  <testcase classname="testcases.TC_LoginPageTest" name="verifySignOut" time="4.089"/>
  <testcase classname="testcases.TC_LoginPageTest" name="verifyLogin" time="5.484"/>
  <testcase classname="testcases.TC_LoginPageTest" name="verifyLogin" time="1.609">
    <failure type="java.lang.AssertionError" message="expected [true] but found [false]">
      <![CDATA[java.lang.AssertionError: expected [true] but found [false]
at testcases.TC_LoginPageTest.verifyLogin(TC_LoginPageTest.java:56)
at java.base/java.util.ArrayList.forEach(ArrayList.java:1511)
... Removed 31 stack frames]]>
    </failure>
  </testcase> <!-- verifyLogin -->
  <testcase classname="testcases.TC_SearchResultPageTest" name="verifySearchProduct" time="6.88"/>
  <testcase classname="testcases.TC_ProductPageTest" name="verifyBuyProduct" time="23.458"/>
</testsuite> <!-- Test -->
