<?xml version="1.0" encoding="UTF-8"?>
<testng-results ignored="0" total="5" passed="4" failed="1" skipped="0">
  <reporter-output>
  </reporter-output>
  <suite started-at="2024-06-16T13:47:19 IST" name="Suite" finished-at="2024-06-16T13:48:22 IST" duration-ms="62841">
    <groups>
    </groups>
    <test started-at="2024-06-16T13:47:19 IST" name="Test" finished-at="2024-06-16T13:48:22 IST" duration-ms="62841">
      <class name="testcases.TC_SearchResultPageTest">
        <test-method is-config="true" signature="setUp()[pri:0, instance:testcases.TC_SearchResultPageTest@4be29ed9]" started-at="2024-06-16T13:47:40 IST" name="setUp" finished-at="2024-06-16T13:47:46 IST" duration-ms="6016" status="PASS">
          <reporter-output>
          </reporter-output>
        </test-method> <!-- setUp -->
        <test-method signature="verifySearchProduct()[pri:0, instance:testcases.TC_SearchResultPageTest@4be29ed9]" started-at="2024-06-16T13:47:46 IST" name="verifySearchProduct" finished-at="2024-06-16T13:47:53 IST" duration-ms="6880" status="PASS">
          <reporter-output>
          </reporter-output>
        </test-method> <!-- verifySearchProduct -->
        <test-method is-config="true" signature="tearDown()[pri:0, instance:testcases.TC_SearchResultPageTest@4be29ed9]" started-at="2024-06-16T13:47:53 IST" name="tearDown" finished-at="2024-06-16T13:47:53 IST" duration-ms="207" status="PASS">
          <reporter-output>
          </reporter-output>
        </test-method> <!-- tearDown -->
      </class> <!-- testcases.TC_SearchResultPageTest -->
      <class name="testcases.TC_ProductPageTest">
        <test-method is-config="true" signature="setUp()[pri:0, instance:testcases.TC_ProductPageTest@548d708a]" started-at="2024-06-16T13:47:53 IST" name="setUp" finished-at="2024-06-16T13:47:59 IST" duration-ms="5693" status="PASS">
          <reporter-output>
          </reporter-output>
        </test-method> <!-- setUp -->
        <test-method signature="verifyBuyProduct()[pri:0, instance:testcases.TC_ProductPageTest@548d708a]" started-at="2024-06-16T13:47:59 IST" name="verifyBuyProduct" finished-at="2024-06-16T13:48:22 IST" duration-ms="23458" status="PASS">
          <reporter-output>
          </reporter-output>
        </test-method> <!-- verifyBuyProduct -->
        <test-method is-config="true" signature="tearDown()[pri:0, instance:testcases.TC_ProductPageTest@548d708a]" started-at="2024-06-16T13:48:22 IST" name="tearDown" finished-at="2024-06-16T13:48:22 IST" duration-ms="189" status="PASS">
          <reporter-output>
          </reporter-output>
        </test-method> <!-- tearDown -->
      </class> <!-- testcases.TC_ProductPageTest -->
      <class name="testcases.TC_LoginPageTest">
        <test-method is-config="true" signature="setUp()[pri:0, instance:testcases.TC_LoginPageTest@74e28667]" started-at="2024-06-16T13:47:20 IST" name="setUp" finished-at="2024-06-16T13:47:26 IST" duration-ms="6586" status="PASS">
          <reporter-output>
          </reporter-output>
        </test-method> <!-- setUp -->
        <test-method signature="verifySignOut()[pri:1, instance:testcases.TC_LoginPageTest@74e28667]" started-at="2024-06-16T13:47:26 IST" name="verifySignOut" finished-at="2024-06-16T13:47:30 IST" duration-ms="4089" status="PASS">
          <reporter-output>
          </reporter-output>
        </test-method> <!-- verifySignOut -->
        <test-method signature="verifyLogin(java.lang.String,java.lang.String,java.lang.String)[pri:2, instance:testcases.TC_LoginPageTest@74e28667]" started-at="2024-06-16T13:47:31 IST" name="verifyLogin" data-provider="loginDataProvider" finished-at="2024-06-16T13:47:36 IST" duration-ms="5484" status="PASS">
          <params>
            <param index="0">
              <value>
                <![CDATA[xyz131@gmail.com]]>
              </value>
            </param>
            <param index="1">
              <value>
                <![CDATA[Password123]]>
              </value>
            </param>
            <param index="2">
              <value>
                <![CDATA[Ravi Muski]]>
              </value>
            </param>
          </params>
          <reporter-output>
          </reporter-output>
        </test-method> <!-- verifyLogin -->
        <test-method signature="verifyLogin(java.lang.String,java.lang.String,java.lang.String)[pri:2, instance:testcases.TC_LoginPageTest@74e28667]" started-at="2024-06-16T13:47:36 IST" name="verifyLogin" data-provider="loginDataProvider" finished-at="2024-06-16T13:47:38 IST" duration-ms="1609" status="FAIL">
          <params>
            <param index="0">
              <value>
                <![CDATA[xyz131@gmail.com]]>
              </value>
            </param>
            <param index="1">
              <value>
                <![CDATA[Password123]]>
              </value>
            </param>
            <param index="2">
              <value>
                <![CDATA[Ravi Muski1]]>
              </value>
            </param>
          </params>
          <exception class="java.lang.AssertionError">
            <message>
              <![CDATA[expected [true] but found [false]]]>
            </message>
            <full-stacktrace>
              <![CDATA[java.lang.AssertionError: expected [true] but found [false]
at org.testng.Assert.fail(Assert.java:110)
at org.testng.Assert.failNotEquals(Assert.java:1577)
at org.testng.Assert.assertTrue(Assert.java:56)
at org.testng.Assert.assertTrue(Assert.java:66)
at testcases.TC_LoginPageTest.verifyLogin(TC_LoginPageTest.java:56)
at java.base/jdk.internal.reflect.NativeMethodAccessorImpl.invoke0(Native Method)
at java.base/jdk.internal.reflect.NativeMethodAccessorImpl.invoke(NativeMethodAccessorImpl.java:77)
at java.base/jdk.internal.reflect.DelegatingMethodAccessorImpl.invoke(DelegatingMethodAccessorImpl.java:43)
at java.base/java.lang.reflect.Method.invoke(Method.java:568)
at org.testng.internal.invokers.MethodInvocationHelper.invokeMethod(MethodInvocationHelper.java:139)
at org.testng.internal.invokers.TestInvoker.invokeMethod(TestInvoker.java:677)
at org.testng.internal.invokers.TestInvoker.invokeTestMethod(TestInvoker.java:221)
at org.testng.internal.invokers.MethodRunner.runInSequence(MethodRunner.java:50)
at org.testng.internal.invokers.TestInvoker$MethodInvocationAgent.invoke(TestInvoker.java:969)
at org.testng.internal.invokers.TestInvoker.invokeTestMethods(TestInvoker.java:194)
at org.testng.internal.invokers.TestMethodWorker.invokeTestMethods(TestMethodWorker.java:148)
at org.testng.internal.invokers.TestMethodWorker.run(TestMethodWorker.java:128)
at java.base/java.util.ArrayList.forEach(ArrayList.java:1511)
at org.testng.TestRunner.privateRun(TestRunner.java:829)
at org.testng.TestRunner.run(TestRunner.java:602)
at org.testng.SuiteRunner.runTest(SuiteRunner.java:437)
at org.testng.SuiteRunner.runSequentially(SuiteRunner.java:431)
at org.testng.SuiteRunner.privateRun(SuiteRunner.java:391)
at org.testng.SuiteRunner.run(SuiteRunner.java:330)
at org.testng.SuiteRunnerWorker.runSuite(SuiteRunnerWorker.java:52)
at org.testng.SuiteRunnerWorker.run(SuiteRunnerWorker.java:95)
at org.testng.TestNG.runSuitesSequentially(TestNG.java:1256)
at org.testng.TestNG.runSuitesLocally(TestNG.java:1176)
at org.testng.TestNG.runSuites(TestNG.java:1099)
at org.testng.TestNG.run(TestNG.java:1067)
at org.testng.remote.AbstractRemoteTestNG.run(AbstractRemoteTestNG.java:115)
at org.testng.remote.RemoteTestNG.initAndRun(RemoteTestNG.java:293)
at org.testng.remote.RemoteTestNG.main(RemoteTestNG.java:91)
]]>
            </full-stacktrace>
          </exception> <!-- java.lang.AssertionError -->
          <reporter-output>
          </reporter-output>
        </test-method> <!-- verifyLogin -->
        <test-method is-config="true" signature="tearDown()[pri:0, instance:testcases.TC_LoginPageTest@74e28667]" started-at="2024-06-16T13:47:38 IST" name="tearDown" finished-at="2024-06-16T13:47:40 IST" duration-ms="1700" status="PASS">
          <reporter-output>
          </reporter-output>
        </test-method> <!-- tearDown -->
      </class> <!-- testcases.TC_LoginPageTest -->
    </test> <!-- Test -->
  </suite> <!-- Suite -->
</testng-results>
